<?xml version="1.0" encoding="UTF-8"?>
<robot generator="Robot 5.0.1 (Python 3.8.10 on linux)" generated="20220923 06:28:36.834" rpa="false" schemaversion="3">
<suite id="s1" name="Api-Token" source="/home/keoy/besquare/QA/RF/api-token.robot">
<test id="s1-t1" name="TC01 Login" line="117">
<kw name="Login To Deriv">
<kw name="Open Browser" library="SeleniumLibrary">
<arg>https://app.deriv.com/account/api-token</arg>
<arg>chrome</arg>
<doc>Opens a new browser instance to the optional ``url``.</doc>
<msg timestamp="20220923 06:28:37.074" level="INFO">Opening browser 'chrome' to base url 'https://app.deriv.com/account/api-token'.</msg>
<status status="PASS" starttime="20220923 06:28:37.074" endtime="20220923 06:28:40.385"/>
</kw>
<kw name="Maximize Browser Window" library="SeleniumLibrary">
<doc>Maximizes current browser window.</doc>
<msg timestamp="20220923 06:28:40.434" level="WARN">Keyword 'Capture Page Screenshot' could not be run on failure: Message: chrome not reachable
  (Session info: chrome=104.0.5112.101)
Stacktrace:
#0 0x562791609403 &lt;unknown&gt;
#1 0x56279140f64b &lt;unknown&gt;
#2 0x5627913ffd24 &lt;unknown&gt;
#3 0x5627913f0e2e &lt;unknown&gt;
#4 0x5627913f5962 &lt;unknown&gt;
#5 0x5627913fa946 &lt;unknown&gt;
#6 0x562791410b72 &lt;unknown&gt;
#7 0x5627914772f1 &lt;unknown&gt;
#8 0x5627914648f3 &lt;unknown&gt;
#9 0x56279143a0d8 &lt;unknown&gt;
#10 0x56279143b205 &lt;unknown&gt;
#11 0x562791650e3d &lt;unknown&gt;
#12 0x562791653db6 &lt;unknown&gt;
#13 0x56279163a13e &lt;unknown&gt;
#14 0x5627916549b5 &lt;unknown&gt;
#15 0x56279162e970 &lt;unknown&gt;
#16 0x562791671228 &lt;unknown&gt;
#17 0x5627916713bf &lt;unknown&gt;
#18 0x56279168babe &lt;unknown&gt;
#19 0x7f887e87d609 &lt;unknown&gt;
</msg>
<msg timestamp="20220923 06:28:40.436" level="FAIL">WebDriverException: Message: chrome not reachable
  (Session info: chrome=104.0.5112.101)
Stacktrace:
#0 0x562791609403 &lt;unknown&gt;
#1 0x56279140f64b &lt;unknown&gt;
#2 0x5627913ffd24 &lt;unknown&gt;
#3 0x5627913f156d &lt;unknown&gt;
#4 0x5627913f5962 &lt;unknown&gt;
#5 0x5627913fa946 &lt;unknown&gt;
#6 0x562791410b72 &lt;unknown&gt;
#7 0x5627914772f1 &lt;unknown&gt;
#8 0x5627914648f3 &lt;unknown&gt;
#9 0x56279143a0d8 &lt;unknown&gt;
#10 0x56279143b205 &lt;unknown&gt;
#11 0x562791650e3d &lt;unknown&gt;
#12 0x562791653db6 &lt;unknown&gt;
#13 0x56279163a13e &lt;unknown&gt;
#14 0x5627916549b5 &lt;unknown&gt;
#15 0x56279162e970 &lt;unknown&gt;
#16 0x562791671228 &lt;unknown&gt;
#17 0x5627916713bf &lt;unknown&gt;
#18 0x56279168babe &lt;unknown&gt;
#19 0x7f887e87d609 &lt;unknown&gt;
</msg>
<status status="FAIL" starttime="20220923 06:28:40.386" endtime="20220923 06:28:40.464"/>
</kw>
<kw name="Set Selenium Speed" library="SeleniumLibrary">
<arg>0.1</arg>
<doc>Sets the delay that is waited after each Selenium command.</doc>
<status status="NOT RUN" starttime="20220923 06:28:40.465" endtime="20220923 06:28:40.465"/>
</kw>
<kw name="Wait Until Page Contains Element" library="SeleniumLibrary">
<arg>//input[@type='email']</arg>
<arg>10</arg>
<doc>Waits until the element ``locator`` appears on the current page.</doc>
<status status="NOT RUN" starttime="20220923 06:28:40.466" endtime="20220923 06:28:40.466"/>
</kw>
<kw name="Input Text" library="SeleniumLibrary">
<arg>//input[@type='email']</arg>
<arg>shon.tzu@besquare.com.my</arg>
<doc>Types the given ``text`` into the text field identified by ``locator``.</doc>
<status status="NOT RUN" starttime="20220923 06:28:40.466" endtime="20220923 06:28:40.466"/>
</kw>
<kw name="Input Password" library="SeleniumLibrary">
<arg>//input[@type='password']</arg>
<arg>Password140114!</arg>
<doc>Types the given password into the text field identified by ``locator``.</doc>
<status status="NOT RUN" starttime="20220923 06:28:40.466" endtime="20220923 06:28:40.467"/>
</kw>
<kw name="Click Element" library="SeleniumLibrary">
<arg>${login_button}</arg>
<doc>Click the element identified by ``locator``.</doc>
<status status="NOT RUN" starttime="20220923 06:28:40.467" endtime="20220923 06:28:40.467"/>
</kw>
<status status="FAIL" starttime="20220923 06:28:37.073" endtime="20220923 06:28:40.469"/>
</kw>
<status status="FAIL" starttime="20220923 06:28:37.071" endtime="20220923 06:28:40.471">WebDriverException: Message: chrome not reachable
  (Session info: chrome=104.0.5112.101)
Stacktrace:
#0 0x562791609403 &lt;unknown&gt;
#1 0x56279140f64b &lt;unknown&gt;
#2 0x5627913ffd24 &lt;unknown&gt;
#3 0x5627913f156d &lt;unknown&gt;
#4 0x5627913f5962 &lt;unknown&gt;
#5 0x5627913fa946 &lt;unknown&gt;
#6 0x562791410b72 &lt;unknown&gt;
#7 0x5627914772f1 &lt;unknown&gt;
#8 0x5627914648f3 &lt;unknown&gt;
#9 0x56279143a0d8 &lt;unknown&gt;
#10 0x56279143b205 &lt;unknown&gt;
#11 0x562791650e3d &lt;unknown&gt;
#12 0x562791653db6 &lt;unknown&gt;
#13 0x56279163a13e &lt;unknown&gt;
#14 0x5627916549b5 &lt;unknown&gt;
#15 0x56279162e970 &lt;unknown&gt;
#16 0x562791671228 &lt;unknown&gt;
#17 0x5627916713bf &lt;unknown&gt;
#18 0x56279168babe &lt;unknown&gt;
#19 0x7f887e87d609 &lt;unknown&gt;
</status>
</test>
<test id="s1-t2" name="TC02 Input Validation" line="120">
<kw name="Wait Until Page Contains Element" library="SeleniumLibrary">
<arg>${token_name_input}</arg>
<arg>30</arg>
<doc>Waits until the element ``locator`` appears on the current page.</doc>
<msg timestamp="20220923 06:28:40.487" level="WARN">Keyword 'Capture Page Screenshot' could not be run on failure: Message: chrome not reachable
  (Session info: chrome=104.0.5112.101)
Stacktrace:
#0 0x562791609403 &lt;unknown&gt;
#1 0x56279140f64b &lt;unknown&gt;
#2 0x5627913ffd24 &lt;unknown&gt;
#3 0x5627913f0e2e &lt;unknown&gt;
#4 0x5627913f5962 &lt;unknown&gt;
#5 0x5627913fa946 &lt;unknown&gt;
#6 0x562791410b72 &lt;unknown&gt;
#7 0x5627914772f1 &lt;unknown&gt;
#8 0x5627914648f3 &lt;unknown&gt;
#9 0x56279143a0d8 &lt;unknown&gt;
#10 0x56279143b205 &lt;unknown&gt;
#11 0x562791650e3d &lt;unknown&gt;
#12 0x562791653db6 &lt;unknown&gt;
#13 0x56279163a13e &lt;unknown&gt;
#14 0x5627916549b5 &lt;unknown&gt;
#15 0x56279162e970 &lt;unknown&gt;
#16 0x562791671228 &lt;unknown&gt;
#17 0x5627916713bf &lt;unknown&gt;
#18 0x56279168babe &lt;unknown&gt;
#19 0x7f887e87d609 &lt;unknown&gt;
</msg>
<msg timestamp="20220923 06:28:40.488" level="FAIL">WebDriverException: Message: chrome not reachable
  (Session info: chrome=104.0.5112.101)
Stacktrace:
#0 0x562791609403 &lt;unknown&gt;
#1 0x56279140f64b &lt;unknown&gt;
#2 0x5627913ffd24 &lt;unknown&gt;
#3 0x5627913f0e2e &lt;unknown&gt;
#4 0x5627913f5962 &lt;unknown&gt;
#5 0x5627913fa946 &lt;unknown&gt;
#6 0x562791410b72 &lt;unknown&gt;
#7 0x5627914772f1 &lt;unknown&gt;
#8 0x5627914648f3 &lt;unknown&gt;
#9 0x56279143a0d8 &lt;unknown&gt;
#10 0x56279143b205 &lt;unknown&gt;
#11 0x562791650e3d &lt;unknown&gt;
#12 0x562791653db6 &lt;unknown&gt;
#13 0x56279163a13e &lt;unknown&gt;
#14 0x5627916549b5 &lt;unknown&gt;
#15 0x56279162e970 &lt;unknown&gt;
#16 0x562791671228 &lt;unknown&gt;
#17 0x5627916713bf &lt;unknown&gt;
#18 0x56279168babe &lt;unknown&gt;
#19 0x7f887e87d609 &lt;unknown&gt;
</msg>
<status status="FAIL" starttime="20220923 06:28:40.474" endtime="20220923 06:28:40.491"/>
</kw>
<kw name="Min Length Validation">
<status status="NOT RUN" starttime="20220923 06:28:40.492" endtime="20220923 06:28:40.493"/>
</kw>
<kw name="Max Length Validation">
<status status="NOT RUN" starttime="20220923 06:28:40.494" endtime="20220923 06:28:40.494"/>
</kw>
<kw name="Special Symbol Validation">
<status status="NOT RUN" starttime="20220923 06:28:40.495" endtime="20220923 06:28:40.495"/>
</kw>
<kw name="String Validation">
<status status="NOT RUN" starttime="20220923 06:28:40.495" endtime="20220923 06:28:40.496"/>
</kw>
<status status="FAIL" starttime="20220923 06:28:40.473" endtime="20220923 06:28:40.497">WebDriverException: Message: chrome not reachable
  (Session info: chrome=104.0.5112.101)
Stacktrace:
#0 0x562791609403 &lt;unknown&gt;
#1 0x56279140f64b &lt;unknown&gt;
#2 0x5627913ffd24 &lt;unknown&gt;
#3 0x5627913f0e2e &lt;unknown&gt;
#4 0x5627913f5962 &lt;unknown&gt;
#5 0x5627913fa946 &lt;unknown&gt;
#6 0x562791410b72 &lt;unknown&gt;
#7 0x5627914772f1 &lt;unknown&gt;
#8 0x5627914648f3 &lt;unknown&gt;
#9 0x56279143a0d8 &lt;unknown&gt;
#10 0x56279143b205 &lt;unknown&gt;
#11 0x562791650e3d &lt;unknown&gt;
#12 0x562791653db6 &lt;unknown&gt;
#13 0x56279163a13e &lt;unknown&gt;
#14 0x5627916549b5 &lt;unknown&gt;
#15 0x56279162e970 &lt;unknown&gt;
#16 0x562791671228 &lt;unknown&gt;
#17 0x5627916713bf &lt;unknown&gt;
#18 0x56279168babe &lt;unknown&gt;
#19 0x7f887e87d609 &lt;unknown&gt;
</status>
</test>
<test id="s1-t3" name="TC03 Check individual Checkbox" line="127">
<kw name="Read Token">
<kw name="Wait Until Page Contains Element" library="SeleniumLibrary">
<arg>${read_checkbox}</arg>
<arg>30</arg>
<doc>Waits until the element ``locator`` appears on the current page.</doc>
<msg timestamp="20220923 06:28:40.517" level="WARN">Keyword 'Capture Page Screenshot' could not be run on failure: Message: chrome not reachable
  (Session info: chrome=104.0.5112.101)
Stacktrace:
#0 0x562791609403 &lt;unknown&gt;
#1 0x56279140f64b &lt;unknown&gt;
#2 0x5627913ffd24 &lt;unknown&gt;
#3 0x5627913f0e2e &lt;unknown&gt;
#4 0x5627913f5962 &lt;unknown&gt;
#5 0x5627913fa946 &lt;unknown&gt;
#6 0x562791410b72 &lt;unknown&gt;
#7 0x5627914772f1 &lt;unknown&gt;
#8 0x5627914648f3 &lt;unknown&gt;
#9 0x56279143a0d8 &lt;unknown&gt;
#10 0x56279143b205 &lt;unknown&gt;
#11 0x562791650e3d &lt;unknown&gt;
#12 0x562791653db6 &lt;unknown&gt;
#13 0x56279163a13e &lt;unknown&gt;
#14 0x5627916549b5 &lt;unknown&gt;
#15 0x56279162e970 &lt;unknown&gt;
#16 0x562791671228 &lt;unknown&gt;
#17 0x5627916713bf &lt;unknown&gt;
#18 0x56279168babe &lt;unknown&gt;
#19 0x7f887e87d609 &lt;unknown&gt;
</msg>
<msg timestamp="20220923 06:28:40.518" level="FAIL">WebDriverException: Message: chrome not reachable
  (Session info: chrome=104.0.5112.101)
Stacktrace:
#0 0x562791609403 &lt;unknown&gt;
#1 0x56279140f64b &lt;unknown&gt;
#2 0x5627913ffd24 &lt;unknown&gt;
#3 0x5627913f0e2e &lt;unknown&gt;
#4 0x5627913f5962 &lt;unknown&gt;
#5 0x5627913fa946 &lt;unknown&gt;
#6 0x562791410b72 &lt;unknown&gt;
#7 0x5627914772f1 &lt;unknown&gt;
#8 0x5627914648f3 &lt;unknown&gt;
#9 0x56279143a0d8 &lt;unknown&gt;
#10 0x56279143b205 &lt;unknown&gt;
#11 0x562791650e3d &lt;unknown&gt;
#12 0x562791653db6 &lt;unknown&gt;
#13 0x56279163a13e &lt;unknown&gt;
#14 0x5627916549b5 &lt;unknown&gt;
#15 0x56279162e970 &lt;unknown&gt;
#16 0x562791671228 &lt;unknown&gt;
#17 0x5627916713bf &lt;unknown&gt;
#18 0x56279168babe &lt;unknown&gt;
#19 0x7f887e87d609 &lt;unknown&gt;
</msg>
<status status="FAIL" starttime="20220923 06:28:40.501" endtime="20220923 06:28:40.519"/>
</kw>
<kw name="Click Element" library="SeleniumLibrary">
<arg>${read_checkbox}</arg>
<doc>Click the element identified by ``locator``.</doc>
<status status="NOT RUN" starttime="20220923 06:28:40.519" endtime="20220923 06:28:40.520"/>
</kw>
<kw name="Click Element" library="SeleniumLibrary">
<arg>${token_name_input}</arg>
<doc>Click the element identified by ``locator``.</doc>
<status status="NOT RUN" starttime="20220923 06:28:40.520" endtime="20220923 06:28:40.520"/>
</kw>
<kw name="Press Keys" library="SeleniumLibrary">
<arg>${token_name_input}</arg>
<arg>CTRL+A+DEL</arg>
<arg>Read</arg>
<doc>Simulates the user pressing key(s) to an element or on the active browser.</doc>
<status status="NOT RUN" starttime="20220923 06:28:40.520" endtime="20220923 06:28:40.521"/>
</kw>
<kw name="Click Element" library="SeleniumLibrary">
<arg>${create_button}</arg>
<doc>Click the element identified by ``locator``.</doc>
<status status="NOT RUN" starttime="20220923 06:28:40.521" endtime="20220923 06:28:40.522"/>
</kw>
<status status="FAIL" starttime="20220923 06:28:40.500" endtime="20220923 06:28:40.523"/>
</kw>
<kw name="Payment Token">
<status status="NOT RUN" starttime="20220923 06:28:40.524" endtime="20220923 06:28:40.524"/>
</kw>
<kw name="Admin Token">
<status status="NOT RUN" starttime="20220923 06:28:40.524" endtime="20220923 06:28:40.524"/>
</kw>
<kw name="Trade Token">
<status status="NOT RUN" starttime="20220923 06:28:40.525" endtime="20220923 06:28:40.525"/>
</kw>
<kw name="Trading Information Token">
<status status="NOT RUN" starttime="20220923 06:28:40.525" endtime="20220923 06:28:40.525"/>
</kw>
<status status="FAIL" starttime="20220923 06:28:40.498" endtime="20220923 06:28:40.527">WebDriverException: Message: chrome not reachable
  (Session info: chrome=104.0.5112.101)
Stacktrace:
#0 0x562791609403 &lt;unknown&gt;
#1 0x56279140f64b &lt;unknown&gt;
#2 0x5627913ffd24 &lt;unknown&gt;
#3 0x5627913f0e2e &lt;unknown&gt;
#4 0x5627913f5962 &lt;unknown&gt;
#5 0x5627913fa946 &lt;unknown&gt;
#6 0x562791410b72 &lt;unknown&gt;
#7 0x5627914772f1 &lt;unknown&gt;
#8 0x5627914648f3 &lt;unknown&gt;
#9 0x56279143a0d8 &lt;unknown&gt;
#10 0x56279143b205 &lt;unknown&gt;
#11 0x562791650e3d &lt;unknown&gt;
#12 0x562791653db6 &lt;unknown&gt;
#13 0x56279163a13e &lt;unknown&gt;
#14 0x5627916549b5 &lt;unknown&gt;
#15 0x56279162e970 &lt;unknown&gt;
#16 0x562791671228 &lt;unknown&gt;
#17 0x5627916713bf &lt;unknown&gt;
#18 0x56279168babe &lt;unknown&gt;
#19 0x7f887e87d609 &lt;unknown&gt;
</status>
</test>
<test id="s1-t4" name="TC04 Check multiple Checkboxes" line="134">
<kw name="Read Trade Token">
<kw name="Sleep" library="BuiltIn">
<arg>1s</arg>
<doc>Pauses the test executed for the given time.</doc>
<msg timestamp="20220923 06:28:41.532" level="INFO">Slept 1 second</msg>
<status status="PASS" starttime="20220923 06:28:40.532" endtime="20220923 06:28:41.533"/>
</kw>
<kw name="Click Element" library="SeleniumLibrary">
<arg>${read_checkbox}</arg>
<doc>Click the element identified by ``locator``.</doc>
<msg timestamp="20220923 06:28:41.534" level="INFO">Clicking element '//span[contains(@class,'dc-text') and contains(.,'Read')]'.</msg>
<msg timestamp="20220923 06:28:41.543" level="WARN">Keyword 'Capture Page Screenshot' could not be run on failure: Message: chrome not reachable
  (Session info: chrome=104.0.5112.101)
Stacktrace:
#0 0x562791609403 &lt;unknown&gt;
#1 0x56279140f64b &lt;unknown&gt;
#2 0x5627913ffd24 &lt;unknown&gt;
#3 0x5627913f0e2e &lt;unknown&gt;
#4 0x5627913f5962 &lt;unknown&gt;
#5 0x5627913fa946 &lt;unknown&gt;
#6 0x562791410b72 &lt;unknown&gt;
#7 0x5627914772f1 &lt;unknown&gt;
#8 0x5627914648f3 &lt;unknown&gt;
#9 0x56279143a0d8 &lt;unknown&gt;
#10 0x56279143b205 &lt;unknown&gt;
#11 0x562791650e3d &lt;unknown&gt;
#12 0x562791653db6 &lt;unknown&gt;
#13 0x56279163a13e &lt;unknown&gt;
#14 0x5627916549b5 &lt;unknown&gt;
#15 0x56279162e970 &lt;unknown&gt;
#16 0x562791671228 &lt;unknown&gt;
#17 0x5627916713bf &lt;unknown&gt;
#18 0x56279168babe &lt;unknown&gt;
#19 0x7f887e87d609 &lt;unknown&gt;
</msg>
<msg timestamp="20220923 06:28:41.545" level="FAIL">WebDriverException: Message: chrome not reachable
  (Session info: chrome=104.0.5112.101)
Stacktrace:
#0 0x562791609403 &lt;unknown&gt;
#1 0x56279140f64b &lt;unknown&gt;
#2 0x5627913ffd24 &lt;unknown&gt;
#3 0x5627913f0e2e &lt;unknown&gt;
#4 0x5627913f5962 &lt;unknown&gt;
#5 0x5627913fa946 &lt;unknown&gt;
#6 0x562791410b72 &lt;unknown&gt;
#7 0x5627914772f1 &lt;unknown&gt;
#8 0x5627914648f3 &lt;unknown&gt;
#9 0x56279143a0d8 &lt;unknown&gt;
#10 0x56279143b205 &lt;unknown&gt;
#11 0x562791650e3d &lt;unknown&gt;
#12 0x562791653db6 &lt;unknown&gt;
#13 0x56279163a13e &lt;unknown&gt;
#14 0x5627916549b5 &lt;unknown&gt;
#15 0x56279162e970 &lt;unknown&gt;
#16 0x562791671228 &lt;unknown&gt;
#17 0x5627916713bf &lt;unknown&gt;
#18 0x56279168babe &lt;unknown&gt;
#19 0x7f887e87d609 &lt;unknown&gt;
</msg>
<status status="FAIL" starttime="20220923 06:28:41.533" endtime="20220923 06:28:41.547"/>
</kw>
<kw name="Click Element" library="SeleniumLibrary">
<arg>${trade_checkbox}</arg>
<doc>Click the element identified by ``locator``.</doc>
<status status="NOT RUN" starttime="20220923 06:28:41.548" endtime="20220923 06:28:41.548"/>
</kw>
<kw name="Click Element" library="SeleniumLibrary">
<arg>${token_name_input}</arg>
<doc>Click the element identified by ``locator``.</doc>
<status status="NOT RUN" starttime="20220923 06:28:41.548" endtime="20220923 06:28:41.548"/>
</kw>
<kw name="Press Keys" library="SeleniumLibrary">
<arg>${token_name_input}</arg>
<arg>CTRL+A+DEL</arg>
<arg>Read and Trade</arg>
<doc>Simulates the user pressing key(s) to an element or on the active browser.</doc>
<status status="NOT RUN" starttime="20220923 06:28:41.548" endtime="20220923 06:28:41.548"/>
</kw>
<kw name="Click Element" library="SeleniumLibrary">
<arg>${create_button}</arg>
<doc>Click the element identified by ``locator``.</doc>
<status status="NOT RUN" starttime="20220923 06:28:41.548" endtime="20220923 06:28:41.548"/>
</kw>
<status status="FAIL" starttime="20220923 06:28:40.531" endtime="20220923 06:28:41.549"/>
</kw>
<kw name="Read Trade Payment Token">
<status status="NOT RUN" starttime="20220923 06:28:41.550" endtime="20220923 06:28:41.550"/>
</kw>
<status status="FAIL" starttime="20220923 06:28:40.529" endtime="20220923 06:28:41.551">WebDriverException: Message: chrome not reachable
  (Session info: chrome=104.0.5112.101)
Stacktrace:
#0 0x562791609403 &lt;unknown&gt;
#1 0x56279140f64b &lt;unknown&gt;
#2 0x5627913ffd24 &lt;unknown&gt;
#3 0x5627913f0e2e &lt;unknown&gt;
#4 0x5627913f5962 &lt;unknown&gt;
#5 0x5627913fa946 &lt;unknown&gt;
#6 0x562791410b72 &lt;unknown&gt;
#7 0x5627914772f1 &lt;unknown&gt;
#8 0x5627914648f3 &lt;unknown&gt;
#9 0x56279143a0d8 &lt;unknown&gt;
#10 0x56279143b205 &lt;unknown&gt;
#11 0x562791650e3d &lt;unknown&gt;
#12 0x562791653db6 &lt;unknown&gt;
#13 0x56279163a13e &lt;unknown&gt;
#14 0x5627916549b5 &lt;unknown&gt;
#15 0x56279162e970 &lt;unknown&gt;
#16 0x562791671228 &lt;unknown&gt;
#17 0x5627916713bf &lt;unknown&gt;
#18 0x56279168babe &lt;unknown&gt;
#19 0x7f887e87d609 &lt;unknown&gt;
</status>
</test>
<test id="s1-t5" name="TC05 List Tokens" line="138">
<kw name="List Of Tokens">
<kw name="Page Should Contain Element" library="SeleniumLibrary">
<arg>//tr/td/span[contains(.,'Read')]</arg>
<doc>Verifies that element ``locator`` is found on the current page.</doc>
<msg timestamp="20220923 06:28:41.563" level="WARN">Keyword 'Capture Page Screenshot' could not be run on failure: Message: chrome not reachable
  (Session info: chrome=104.0.5112.101)
Stacktrace:
#0 0x562791609403 &lt;unknown&gt;
#1 0x56279140f64b &lt;unknown&gt;
#2 0x5627913ffd24 &lt;unknown&gt;
#3 0x5627913f0e2e &lt;unknown&gt;
#4 0x5627913f5962 &lt;unknown&gt;
#5 0x5627913fa946 &lt;unknown&gt;
#6 0x562791410b72 &lt;unknown&gt;
#7 0x5627914772f1 &lt;unknown&gt;
#8 0x5627914648f3 &lt;unknown&gt;
#9 0x56279143a0d8 &lt;unknown&gt;
#10 0x56279143b205 &lt;unknown&gt;
#11 0x562791650e3d &lt;unknown&gt;
#12 0x562791653db6 &lt;unknown&gt;
#13 0x56279163a13e &lt;unknown&gt;
#14 0x5627916549b5 &lt;unknown&gt;
#15 0x56279162e970 &lt;unknown&gt;
#16 0x562791671228 &lt;unknown&gt;
#17 0x5627916713bf &lt;unknown&gt;
#18 0x56279168babe &lt;unknown&gt;
#19 0x7f887e87d609 &lt;unknown&gt;
</msg>
<msg timestamp="20220923 06:28:41.563" level="FAIL">WebDriverException: Message: chrome not reachable
  (Session info: chrome=104.0.5112.101)
Stacktrace:
#0 0x562791609403 &lt;unknown&gt;
#1 0x56279140f64b &lt;unknown&gt;
#2 0x5627913ffd24 &lt;unknown&gt;
#3 0x5627913f0e2e &lt;unknown&gt;
#4 0x5627913f5962 &lt;unknown&gt;
#5 0x5627913fa946 &lt;unknown&gt;
#6 0x562791410b72 &lt;unknown&gt;
#7 0x5627914772f1 &lt;unknown&gt;
#8 0x5627914648f3 &lt;unknown&gt;
#9 0x56279143a0d8 &lt;unknown&gt;
#10 0x56279143b205 &lt;unknown&gt;
#11 0x562791650e3d &lt;unknown&gt;
#12 0x562791653db6 &lt;unknown&gt;
#13 0x56279163a13e &lt;unknown&gt;
#14 0x5627916549b5 &lt;unknown&gt;
#15 0x56279162e970 &lt;unknown&gt;
#16 0x562791671228 &lt;unknown&gt;
#17 0x5627916713bf &lt;unknown&gt;
#18 0x56279168babe &lt;unknown&gt;
#19 0x7f887e87d609 &lt;unknown&gt;
</msg>
<status status="FAIL" starttime="20220923 06:28:41.553" endtime="20220923 06:28:41.564"/>
</kw>
<kw name="Page Should Contain Element" library="SeleniumLibrary">
<arg>//tr/td/span[contains(.,'Read and Trade')]</arg>
<doc>Verifies that element ``locator`` is found on the current page.</doc>
<status status="NOT RUN" starttime="20220923 06:28:41.564" endtime="20220923 06:28:41.565"/>
</kw>
<status status="FAIL" starttime="20220923 06:28:41.552" endtime="20220923 06:28:41.565"/>
</kw>
<status status="FAIL" starttime="20220923 06:28:41.551" endtime="20220923 06:28:41.566">WebDriverException: Message: chrome not reachable
  (Session info: chrome=104.0.5112.101)
Stacktrace:
#0 0x562791609403 &lt;unknown&gt;
#1 0x56279140f64b &lt;unknown&gt;
#2 0x5627913ffd24 &lt;unknown&gt;
#3 0x5627913f0e2e &lt;unknown&gt;
#4 0x5627913f5962 &lt;unknown&gt;
#5 0x5627913fa946 &lt;unknown&gt;
#6 0x562791410b72 &lt;unknown&gt;
#7 0x5627914772f1 &lt;unknown&gt;
#8 0x5627914648f3 &lt;unknown&gt;
#9 0x56279143a0d8 &lt;unknown&gt;
#10 0x56279143b205 &lt;unknown&gt;
#11 0x562791650e3d &lt;unknown&gt;
#12 0x562791653db6 &lt;unknown&gt;
#13 0x56279163a13e &lt;unknown&gt;
#14 0x5627916549b5 &lt;unknown&gt;
#15 0x56279162e970 &lt;unknown&gt;
#16 0x562791671228 &lt;unknown&gt;
#17 0x5627916713bf &lt;unknown&gt;
#18 0x56279168babe &lt;unknown&gt;
#19 0x7f887e87d609 &lt;unknown&gt;
</status>
</test>
<test id="s1-t6" name="TC06 Copy Pasting Token" line="141">
<kw name="Copy Paste">
<kw name="Wait Until Element Is Enabled" library="SeleniumLibrary">
<arg>//tr[2]/td[2]/div/div[2]</arg>
<doc>Waits until the element ``locator`` is enabled.</doc>
<msg timestamp="20220923 06:28:41.577" level="WARN">Keyword 'Capture Page Screenshot' could not be run on failure: Message: chrome not reachable
  (Session info: chrome=104.0.5112.101)
Stacktrace:
#0 0x562791609403 &lt;unknown&gt;
#1 0x56279140f64b &lt;unknown&gt;
#2 0x5627913ffd24 &lt;unknown&gt;
#3 0x5627913f0e2e &lt;unknown&gt;
#4 0x5627913f5962 &lt;unknown&gt;
#5 0x5627913fa946 &lt;unknown&gt;
#6 0x562791410b72 &lt;unknown&gt;
#7 0x5627914772f1 &lt;unknown&gt;
#8 0x5627914648f3 &lt;unknown&gt;
#9 0x56279143a0d8 &lt;unknown&gt;
#10 0x56279143b205 &lt;unknown&gt;
#11 0x562791650e3d &lt;unknown&gt;
#12 0x562791653db6 &lt;unknown&gt;
#13 0x56279163a13e &lt;unknown&gt;
#14 0x5627916549b5 &lt;unknown&gt;
#15 0x56279162e970 &lt;unknown&gt;
#16 0x562791671228 &lt;unknown&gt;
#17 0x5627916713bf &lt;unknown&gt;
#18 0x56279168babe &lt;unknown&gt;
#19 0x7f887e87d609 &lt;unknown&gt;
</msg>
<msg timestamp="20220923 06:28:41.577" level="FAIL">WebDriverException: Message: chrome not reachable
  (Session info: chrome=104.0.5112.101)
Stacktrace:
#0 0x562791609403 &lt;unknown&gt;
#1 0x56279140f64b &lt;unknown&gt;
#2 0x5627913ffd24 &lt;unknown&gt;
#3 0x5627913f0e2e &lt;unknown&gt;
#4 0x5627913f5962 &lt;unknown&gt;
#5 0x5627913fa946 &lt;unknown&gt;
#6 0x562791410b72 &lt;unknown&gt;
#7 0x5627914772f1 &lt;unknown&gt;
#8 0x5627914648f3 &lt;unknown&gt;
#9 0x56279143a0d8 &lt;unknown&gt;
#10 0x56279143b205 &lt;unknown&gt;
#11 0x562791650e3d &lt;unknown&gt;
#12 0x562791653db6 &lt;unknown&gt;
#13 0x56279163a13e &lt;unknown&gt;
#14 0x5627916549b5 &lt;unknown&gt;
#15 0x56279162e970 &lt;unknown&gt;
#16 0x562791671228 &lt;unknown&gt;
#17 0x5627916713bf &lt;unknown&gt;
#18 0x56279168babe &lt;unknown&gt;
#19 0x7f887e87d609 &lt;unknown&gt;
</msg>
<status status="FAIL" starttime="20220923 06:28:41.567" endtime="20220923 06:28:41.578"/>
</kw>
<kw name="Click Element" library="SeleniumLibrary">
<arg>//tr[2]/td[2]/div/div[2]</arg>
<doc>Click the element identified by ``locator``.</doc>
<status status="NOT RUN" starttime="20220923 06:28:41.578" endtime="20220923 06:28:41.578"/>
</kw>
<kw name="Click Element" library="SeleniumLibrary">
<arg>${token_name_input}</arg>
<doc>Click the element identified by ``locator``.</doc>
<status status="NOT RUN" starttime="20220923 06:28:41.578" endtime="20220923 06:28:41.578"/>
</kw>
<kw name="Press Keys" library="SeleniumLibrary">
<arg>${token_name_input}</arg>
<arg>CTRL+v</arg>
<doc>Simulates the user pressing key(s) to an element or on the active browser.</doc>
<status status="NOT RUN" starttime="20220923 06:28:41.578" endtime="20220923 06:28:41.578"/>
</kw>
<kw name="Click Element" library="SeleniumLibrary">
<arg>${create_button}</arg>
<doc>Click the element identified by ``locator``.</doc>
<status status="NOT RUN" starttime="20220923 06:28:41.579" endtime="20220923 06:28:41.579"/>
</kw>
<status status="FAIL" starttime="20220923 06:28:41.567" endtime="20220923 06:28:41.580"/>
</kw>
<status status="FAIL" starttime="20220923 06:28:41.566" endtime="20220923 06:28:41.580">WebDriverException: Message: chrome not reachable
  (Session info: chrome=104.0.5112.101)
Stacktrace:
#0 0x562791609403 &lt;unknown&gt;
#1 0x56279140f64b &lt;unknown&gt;
#2 0x5627913ffd24 &lt;unknown&gt;
#3 0x5627913f0e2e &lt;unknown&gt;
#4 0x5627913f5962 &lt;unknown&gt;
#5 0x5627913fa946 &lt;unknown&gt;
#6 0x562791410b72 &lt;unknown&gt;
#7 0x5627914772f1 &lt;unknown&gt;
#8 0x5627914648f3 &lt;unknown&gt;
#9 0x56279143a0d8 &lt;unknown&gt;
#10 0x56279143b205 &lt;unknown&gt;
#11 0x562791650e3d &lt;unknown&gt;
#12 0x562791653db6 &lt;unknown&gt;
#13 0x56279163a13e &lt;unknown&gt;
#14 0x5627916549b5 &lt;unknown&gt;
#15 0x56279162e970 &lt;unknown&gt;
#16 0x562791671228 &lt;unknown&gt;
#17 0x5627916713bf &lt;unknown&gt;
#18 0x56279168babe &lt;unknown&gt;
#19 0x7f887e87d609 &lt;unknown&gt;
</status>
</test>
<test id="s1-t7" name="TC07 Delete" line="144">
<kw name="Delete Token Cancel">
<kw name="Wait Until Element Is Enabled" library="SeleniumLibrary">
<arg>//tr[1]/td[5]</arg>
<doc>Waits until the element ``locator`` is enabled.</doc>
<msg timestamp="20220923 06:28:41.612" level="WARN">Keyword 'Capture Page Screenshot' could not be run on failure: Message: chrome not reachable
  (Session info: chrome=104.0.5112.101)
Stacktrace:
#0 0x562791609403 &lt;unknown&gt;
#1 0x56279140f64b &lt;unknown&gt;
#2 0x5627913ffd24 &lt;unknown&gt;
#3 0x5627913f0e2e &lt;unknown&gt;
#4 0x5627913f5962 &lt;unknown&gt;
#5 0x5627913fa946 &lt;unknown&gt;
#6 0x562791410b72 &lt;unknown&gt;
#7 0x5627914772f1 &lt;unknown&gt;
#8 0x5627914648f3 &lt;unknown&gt;
#9 0x56279143a0d8 &lt;unknown&gt;
#10 0x56279143b205 &lt;unknown&gt;
#11 0x562791650e3d &lt;unknown&gt;
#12 0x562791653db6 &lt;unknown&gt;
#13 0x56279163a13e &lt;unknown&gt;
#14 0x5627916549b5 &lt;unknown&gt;
#15 0x56279162e970 &lt;unknown&gt;
#16 0x562791671228 &lt;unknown&gt;
#17 0x5627916713bf &lt;unknown&gt;
#18 0x56279168babe &lt;unknown&gt;
#19 0x7f887e87d609 &lt;unknown&gt;
</msg>
<msg timestamp="20220923 06:28:41.613" level="FAIL">WebDriverException: Message: chrome not reachable
  (Session info: chrome=104.0.5112.101)
Stacktrace:
#0 0x562791609403 &lt;unknown&gt;
#1 0x56279140f64b &lt;unknown&gt;
#2 0x5627913ffd24 &lt;unknown&gt;
#3 0x5627913f0e2e &lt;unknown&gt;
#4 0x5627913f5962 &lt;unknown&gt;
#5 0x5627913fa946 &lt;unknown&gt;
#6 0x562791410b72 &lt;unknown&gt;
#7 0x5627914772f1 &lt;unknown&gt;
#8 0x5627914648f3 &lt;unknown&gt;
#9 0x56279143a0d8 &lt;unknown&gt;
#10 0x56279143b205 &lt;unknown&gt;
#11 0x562791650e3d &lt;unknown&gt;
#12 0x562791653db6 &lt;unknown&gt;
#13 0x56279163a13e &lt;unknown&gt;
#14 0x5627916549b5 &lt;unknown&gt;
#15 0x56279162e970 &lt;unknown&gt;
#16 0x562791671228 &lt;unknown&gt;
#17 0x5627916713bf &lt;unknown&gt;
#18 0x56279168babe &lt;unknown&gt;
#19 0x7f887e87d609 &lt;unknown&gt;
</msg>
<status status="FAIL" starttime="20220923 06:28:41.586" endtime="20220923 06:28:41.614"/>
</kw>
<kw name="Click Element" library="SeleniumLibrary">
<arg>//tr[2]/td[5]</arg>
<doc>Click the element identified by ``locator``.</doc>
<status status="NOT RUN" starttime="20220923 06:28:41.614" endtime="20220923 06:28:41.614"/>
</kw>
<kw name="Wait Until Element Is Enabled" library="SeleniumLibrary">
<arg>//button[contains(@class,'dc-btn--secondary'])]</arg>
<doc>Waits until the element ``locator`` is enabled.</doc>
<status status="NOT RUN" starttime="20220923 06:28:41.615" endtime="20220923 06:28:41.615"/>
</kw>
<kw name="Click Element" library="SeleniumLibrary">
<arg>//button[contains(@class,'dc-btn--secondary'])]</arg>
<doc>Click the element identified by ``locator``.</doc>
<status status="NOT RUN" starttime="20220923 06:28:41.615" endtime="20220923 06:28:41.615"/>
</kw>
<status status="FAIL" starttime="20220923 06:28:41.582" endtime="20220923 06:28:41.616"/>
</kw>
<kw name="Delete Token Yes">
<status status="NOT RUN" starttime="20220923 06:28:41.617" endtime="20220923 06:28:41.617"/>
</kw>
<status status="FAIL" starttime="20220923 06:28:41.581" endtime="20220923 06:28:41.618">WebDriverException: Message: chrome not reachable
  (Session info: chrome=104.0.5112.101)
Stacktrace:
#0 0x562791609403 &lt;unknown&gt;
#1 0x56279140f64b &lt;unknown&gt;
#2 0x5627913ffd24 &lt;unknown&gt;
#3 0x5627913f0e2e &lt;unknown&gt;
#4 0x5627913f5962 &lt;unknown&gt;
#5 0x5627913fa946 &lt;unknown&gt;
#6 0x562791410b72 &lt;unknown&gt;
#7 0x5627914772f1 &lt;unknown&gt;
#8 0x5627914648f3 &lt;unknown&gt;
#9 0x56279143a0d8 &lt;unknown&gt;
#10 0x56279143b205 &lt;unknown&gt;
#11 0x562791650e3d &lt;unknown&gt;
#12 0x562791653db6 &lt;unknown&gt;
#13 0x56279163a13e &lt;unknown&gt;
#14 0x5627916549b5 &lt;unknown&gt;
#15 0x56279162e970 &lt;unknown&gt;
#16 0x562791671228 &lt;unknown&gt;
#17 0x5627916713bf &lt;unknown&gt;
#18 0x56279168babe &lt;unknown&gt;
#19 0x7f887e87d609 &lt;unknown&gt;
</status>
</test>
<status status="FAIL" starttime="20220923 06:28:36.835" endtime="20220923 06:28:41.620"/>
</suite>
<statistics>
<total>
<stat pass="0" fail="7" skip="0">All Tests</stat>
</total>
<tag>
</tag>
<suite>
<stat pass="0" fail="7" skip="0" id="s1" name="Api-Token">Api-Token</stat>
</suite>
</statistics>
<errors>
<msg timestamp="20220923 06:28:40.434" level="WARN">Keyword 'Capture Page Screenshot' could not be run on failure: Message: chrome not reachable
  (Session info: chrome=104.0.5112.101)
Stacktrace:
#0 0x562791609403 &lt;unknown&gt;
#1 0x56279140f64b &lt;unknown&gt;
#2 0x5627913ffd24 &lt;unknown&gt;
#3 0x5627913f0e2e &lt;unknown&gt;
#4 0x5627913f5962 &lt;unknown&gt;
#5 0x5627913fa946 &lt;unknown&gt;
#6 0x562791410b72 &lt;unknown&gt;
#7 0x5627914772f1 &lt;unknown&gt;
#8 0x5627914648f3 &lt;unknown&gt;
#9 0x56279143a0d8 &lt;unknown&gt;
#10 0x56279143b205 &lt;unknown&gt;
#11 0x562791650e3d &lt;unknown&gt;
#12 0x562791653db6 &lt;unknown&gt;
#13 0x56279163a13e &lt;unknown&gt;
#14 0x5627916549b5 &lt;unknown&gt;
#15 0x56279162e970 &lt;unknown&gt;
#16 0x562791671228 &lt;unknown&gt;
#17 0x5627916713bf &lt;unknown&gt;
#18 0x56279168babe &lt;unknown&gt;
#19 0x7f887e87d609 &lt;unknown&gt;
</msg>
<msg timestamp="20220923 06:28:40.487" level="WARN">Keyword 'Capture Page Screenshot' could not be run on failure: Message: chrome not reachable
  (Session info: chrome=104.0.5112.101)
Stacktrace:
#0 0x562791609403 &lt;unknown&gt;
#1 0x56279140f64b &lt;unknown&gt;
#2 0x5627913ffd24 &lt;unknown&gt;
#3 0x5627913f0e2e &lt;unknown&gt;
#4 0x5627913f5962 &lt;unknown&gt;
#5 0x5627913fa946 &lt;unknown&gt;
#6 0x562791410b72 &lt;unknown&gt;
#7 0x5627914772f1 &lt;unknown&gt;
#8 0x5627914648f3 &lt;unknown&gt;
#9 0x56279143a0d8 &lt;unknown&gt;
#10 0x56279143b205 &lt;unknown&gt;
#11 0x562791650e3d &lt;unknown&gt;
#12 0x562791653db6 &lt;unknown&gt;
#13 0x56279163a13e &lt;unknown&gt;
#14 0x5627916549b5 &lt;unknown&gt;
#15 0x56279162e970 &lt;unknown&gt;
#16 0x562791671228 &lt;unknown&gt;
#17 0x5627916713bf &lt;unknown&gt;
#18 0x56279168babe &lt;unknown&gt;
#19 0x7f887e87d609 &lt;unknown&gt;
</msg>
<msg timestamp="20220923 06:28:40.517" level="WARN">Keyword 'Capture Page Screenshot' could not be run on failure: Message: chrome not reachable
  (Session info: chrome=104.0.5112.101)
Stacktrace:
#0 0x562791609403 &lt;unknown&gt;
#1 0x56279140f64b &lt;unknown&gt;
#2 0x5627913ffd24 &lt;unknown&gt;
#3 0x5627913f0e2e &lt;unknown&gt;
#4 0x5627913f5962 &lt;unknown&gt;
#5 0x5627913fa946 &lt;unknown&gt;
#6 0x562791410b72 &lt;unknown&gt;
#7 0x5627914772f1 &lt;unknown&gt;
#8 0x5627914648f3 &lt;unknown&gt;
#9 0x56279143a0d8 &lt;unknown&gt;
#10 0x56279143b205 &lt;unknown&gt;
#11 0x562791650e3d &lt;unknown&gt;
#12 0x562791653db6 &lt;unknown&gt;
#13 0x56279163a13e &lt;unknown&gt;
#14 0x5627916549b5 &lt;unknown&gt;
#15 0x56279162e970 &lt;unknown&gt;
#16 0x562791671228 &lt;unknown&gt;
#17 0x5627916713bf &lt;unknown&gt;
#18 0x56279168babe &lt;unknown&gt;
#19 0x7f887e87d609 &lt;unknown&gt;
</msg>
<msg timestamp="20220923 06:28:41.543" level="WARN">Keyword 'Capture Page Screenshot' could not be run on failure: Message: chrome not reachable
  (Session info: chrome=104.0.5112.101)
Stacktrace:
#0 0x562791609403 &lt;unknown&gt;
#1 0x56279140f64b &lt;unknown&gt;
#2 0x5627913ffd24 &lt;unknown&gt;
#3 0x5627913f0e2e &lt;unknown&gt;
#4 0x5627913f5962 &lt;unknown&gt;
#5 0x5627913fa946 &lt;unknown&gt;
#6 0x562791410b72 &lt;unknown&gt;
#7 0x5627914772f1 &lt;unknown&gt;
#8 0x5627914648f3 &lt;unknown&gt;
#9 0x56279143a0d8 &lt;unknown&gt;
#10 0x56279143b205 &lt;unknown&gt;
#11 0x562791650e3d &lt;unknown&gt;
#12 0x562791653db6 &lt;unknown&gt;
#13 0x56279163a13e &lt;unknown&gt;
#14 0x5627916549b5 &lt;unknown&gt;
#15 0x56279162e970 &lt;unknown&gt;
#16 0x562791671228 &lt;unknown&gt;
#17 0x5627916713bf &lt;unknown&gt;
#18 0x56279168babe &lt;unknown&gt;
#19 0x7f887e87d609 &lt;unknown&gt;
</msg>
<msg timestamp="20220923 06:28:41.563" level="WARN">Keyword 'Capture Page Screenshot' could not be run on failure: Message: chrome not reachable
  (Session info: chrome=104.0.5112.101)
Stacktrace:
#0 0x562791609403 &lt;unknown&gt;
#1 0x56279140f64b &lt;unknown&gt;
#2 0x5627913ffd24 &lt;unknown&gt;
#3 0x5627913f0e2e &lt;unknown&gt;
#4 0x5627913f5962 &lt;unknown&gt;
#5 0x5627913fa946 &lt;unknown&gt;
#6 0x562791410b72 &lt;unknown&gt;
#7 0x5627914772f1 &lt;unknown&gt;
#8 0x5627914648f3 &lt;unknown&gt;
#9 0x56279143a0d8 &lt;unknown&gt;
#10 0x56279143b205 &lt;unknown&gt;
#11 0x562791650e3d &lt;unknown&gt;
#12 0x562791653db6 &lt;unknown&gt;
#13 0x56279163a13e &lt;unknown&gt;
#14 0x5627916549b5 &lt;unknown&gt;
#15 0x56279162e970 &lt;unknown&gt;
#16 0x562791671228 &lt;unknown&gt;
#17 0x5627916713bf &lt;unknown&gt;
#18 0x56279168babe &lt;unknown&gt;
#19 0x7f887e87d609 &lt;unknown&gt;
</msg>
<msg timestamp="20220923 06:28:41.577" level="WARN">Keyword 'Capture Page Screenshot' could not be run on failure: Message: chrome not reachable
  (Session info: chrome=104.0.5112.101)
Stacktrace:
#0 0x562791609403 &lt;unknown&gt;
#1 0x56279140f64b &lt;unknown&gt;
#2 0x5627913ffd24 &lt;unknown&gt;
#3 0x5627913f0e2e &lt;unknown&gt;
#4 0x5627913f5962 &lt;unknown&gt;
#5 0x5627913fa946 &lt;unknown&gt;
#6 0x562791410b72 &lt;unknown&gt;
#7 0x5627914772f1 &lt;unknown&gt;
#8 0x5627914648f3 &lt;unknown&gt;
#9 0x56279143a0d8 &lt;unknown&gt;
#10 0x56279143b205 &lt;unknown&gt;
#11 0x562791650e3d &lt;unknown&gt;
#12 0x562791653db6 &lt;unknown&gt;
#13 0x56279163a13e &lt;unknown&gt;
#14 0x5627916549b5 &lt;unknown&gt;
#15 0x56279162e970 &lt;unknown&gt;
#16 0x562791671228 &lt;unknown&gt;
#17 0x5627916713bf &lt;unknown&gt;
#18 0x56279168babe &lt;unknown&gt;
#19 0x7f887e87d609 &lt;unknown&gt;
</msg>
<msg timestamp="20220923 06:28:41.612" level="WARN">Keyword 'Capture Page Screenshot' could not be run on failure: Message: chrome not reachable
  (Session info: chrome=104.0.5112.101)
Stacktrace:
#0 0x562791609403 &lt;unknown&gt;
#1 0x56279140f64b &lt;unknown&gt;
#2 0x5627913ffd24 &lt;unknown&gt;
#3 0x5627913f0e2e &lt;unknown&gt;
#4 0x5627913f5962 &lt;unknown&gt;
#5 0x5627913fa946 &lt;unknown&gt;
#6 0x562791410b72 &lt;unknown&gt;
#7 0x5627914772f1 &lt;unknown&gt;
#8 0x5627914648f3 &lt;unknown&gt;
#9 0x56279143a0d8 &lt;unknown&gt;
#10 0x56279143b205 &lt;unknown&gt;
#11 0x562791650e3d &lt;unknown&gt;
#12 0x562791653db6 &lt;unknown&gt;
#13 0x56279163a13e &lt;unknown&gt;
#14 0x5627916549b5 &lt;unknown&gt;
#15 0x56279162e970 &lt;unknown&gt;
#16 0x562791671228 &lt;unknown&gt;
#17 0x5627916713bf &lt;unknown&gt;
#18 0x56279168babe &lt;unknown&gt;
#19 0x7f887e87d609 &lt;unknown&gt;
</msg>
</errors>
</robot>
